c:\users\link1\desktop\mazegame\debug\vc142.pdb
c:\users\link1\desktop\mazegame\debug\ui.obj
c:\users\link1\desktop\mazegame\debug\princess.obj
c:\users\link1\desktop\mazegame\debug\newgameui.obj
c:\users\link1\desktop\mazegame\debug\castle.obj
c:\users\link1\desktop\mazegame\debug\adventure.obj
c:\users\link1\desktop\mazegame\debug\maze.obj
c:\users\link1\desktop\mazegame\debug\game.obj
c:\users\link1\desktop\mazegame\debug\forest.obj
c:\users\link1\desktop\mazegame\debug\desert.obj
c:\users\link1\desktop\mazegame\debug\button.obj
c:\users\link1\desktop\mazegame\debug\mazegame.exe
c:\users\link1\desktop\mazegame\debug\mazegame.ilk
c:\users\link1\desktop\mazegame\debug\mazegame.pdb
c:\users\link1\desktop\mazegame\debug\mazegame.res
c:\users\link1\desktop\mazegame\debug\mazegame.tlog\cl.command.1.tlog
c:\users\link1\desktop\mazegame\debug\mazegame.tlog\cl.read.1.tlog
c:\users\link1\desktop\mazegame\debug\mazegame.tlog\cl.write.1.tlog
c:\users\link1\desktop\mazegame\debug\mazegame.tlog\link.command.1.tlog
c:\users\link1\desktop\mazegame\debug\mazegame.tlog\link.read.1.tlog
c:\users\link1\desktop\mazegame\debug\mazegame.tlog\link.write.1.tlog
c:\users\link1\desktop\mazegame\debug\mazegame.tlog\rc.command.1.tlog
c:\users\link1\desktop\mazegame\debug\mazegame.tlog\rc.read.1.tlog
c:\users\link1\desktop\mazegame\debug\mazegame.tlog\rc.write.1.tlog
